\BOOKMARK [1][-]{section.1}{简介}{}% 1
\BOOKMARK [2][-]{subsection.1.1}{区块链技术简介}{section.1}% 2
\BOOKMARK [2][-]{subsection.1.2}{商业和技术挑战}{section.1}% 3
\BOOKMARK [2][-]{subsection.1.3}{星云链解决的问题}{section.1}% 4
\BOOKMARK [2][-]{subsection.1.4}{星云链设计基本原则}{section.1}% 5
\BOOKMARK [1][-]{section.2}{星云链代币NAS}{}% 6
\BOOKMARK [1][-]{section.3}{账号和地址}{}% 7
\BOOKMARK [1][-]{section.4}{区块和交易}{}% 8
\BOOKMARK [1][-]{section.5}{Nebulas Rank算法}{}% 9
\BOOKMARK [2][-]{subsection.5.1}{Introduction}{section.5}% 10
\BOOKMARK [2][-]{subsection.5.2}{Related\040Works}{section.5}% 11
\BOOKMARK [2][-]{subsection.5.3}{Transaction\040Graph}{section.5}% 12
\BOOKMARK [3][-]{subsubsection.5.3.1}{Transactions}{subsection.5.3}% 13
\BOOKMARK [3][-]{subsubsection.5.3.2}{Transactions\040Aggregation}{subsection.5.3}% 14
\BOOKMARK [3][-]{subsubsection.5.3.3}{Temporality\040Embedding}{subsection.5.3}% 15
\BOOKMARK [3][-]{subsubsection.5.3.4}{Encouragement\040Function}{subsection.5.3}% 16
\BOOKMARK [3][-]{subsubsection.5.3.5}{Exploiting\040Nodes'\040Property}{subsection.5.3}% 17
\BOOKMARK [3][-]{subsubsection.5.3.6}{Mitigating\040Dormant\040Effect}{subsection.5.3}% 18
\BOOKMARK [2][-]{subsection.5.4}{LeaderRank}{section.5}% 19
\BOOKMARK [3][-]{subsubsection.5.4.1}{LeaderRank\040Weighting\040Scheme}{subsection.5.4}% 20
\BOOKMARK [3][-]{subsubsection.5.4.2}{Comparing\040with\040PageRank}{subsection.5.4}% 21
\BOOKMARK [2][-]{subsection.5.5}{Experiments}{section.5}% 22
\BOOKMARK [3][-]{subsubsection.5.5.1}{Ethereum\040Stats}{subsection.5.5}% 23
\BOOKMARK [3][-]{subsubsection.5.5.2}{Exploitability\040of\0401-hop\040Local\040Information}{subsection.5.5}% 24
\BOOKMARK [3][-]{subsubsection.5.5.3}{Noise\040Resistance}{subsection.5.5}% 25
\BOOKMARK [3][-]{subsubsection.5.5.4}{Sybil\040Attack\040Resistance}{subsection.5.5}% 26
\BOOKMARK [2][-]{subsection.5.6}{Discussions\040And\040Conclusions}{section.5}% 27
\BOOKMARK [1][-]{section.6}{PoR\(Proof of Reputation\)共识算法}{}% 28
\BOOKMARK [2][-]{subsection.6.1}{常用共识算法的缺陷}{section.6}% 29
\BOOKMARK [2][-]{subsection.6.2}{PoR算法设计}{section.6}% 30
\BOOKMARK [3][-]{subsubsection.6.2.1}{新区块产生}{subsection.6.2}% 31
\BOOKMARK [3][-]{subsubsection.6.2.2}{验证者集合}{subsection.6.2}% 32
\BOOKMARK [3][-]{subsubsection.6.2.3}{共识过程}{subsection.6.2}% 33
\BOOKMARK [3][-]{subsubsection.6.2.4}{分叉选择（Fork Choice）}{subsection.6.2}% 34
\BOOKMARK [3][-]{subsubsection.6.2.5}{投票规则}{subsection.6.2}% 35
\BOOKMARK [2][-]{subsection.6.3}{PoR经济分析}{section.6}% 36
\BOOKMARK [3][-]{subsubsection.6.3.1}{激励分析}{subsection.6.3}% 37
\BOOKMARK [3][-]{subsubsection.6.3.2}{作弊分析}{subsection.6.3}% 38
\BOOKMARK [1][-]{section.7}{DIP开发者激励协议}{}% 39
\BOOKMARK [1][-]{section.8}{Nebulas\040Force\040}{}% 40
\BOOKMARK [1][-]{section.9}{智能合约}{}% 41
\BOOKMARK [1][-]{section.10}{星云链基础服务及开发工具}{}% 42
